<?xml version="1.0" encoding="UTF-8"?>
<coverage generated="1675283110580" clover="3.2.0">
  <project timestamp="1675283110580" name="All files">
    <metrics statements="42" coveredstatements="25" conditionals="4" coveredconditionals="2" methods="15" coveredmethods="7" elements="61" coveredelements="34" complexity="0" loc="42" ncloc="42" packages="1" files="3" classes="3"/>
    <file name="functionality.js" path="/media/zeph/F8246B73246B33B2/microverse/Module2Pro/To-Do-List/src/module/functionality.js">
      <metrics statements="37" coveredstatements="20" conditionals="4" coveredconditionals="2" methods="12" coveredmethods="4"/>
      <line num="7" count="1" type="cond" truecount="1" falsecount="1"/>
      <line num="8" count="1" type="stmt"/>
      <line num="10" count="0" type="stmt"/>
      <line num="14" count="1" type="stmt"/>
      <line num="15" count="1" type="cond" truecount="1" falsecount="1"/>
      <line num="16" count="1" type="stmt"/>
      <line num="17" count="1" type="stmt"/>
      <line num="18" count="1" type="stmt"/>
      <line num="19" count="1" type="stmt"/>
      <line num="21" count="1" type="stmt"/>
      <line num="25" count="2" type="stmt"/>
      <line num="27" count="1" type="stmt"/>
      <line num="28" count="1" type="stmt"/>
      <line num="29" count="1" type="stmt"/>
      <line num="30" count="1" type="stmt"/>
      <line num="31" count="0" type="stmt"/>
      <line num="33" count="1" type="stmt"/>
      <line num="36" count="1" type="stmt"/>
      <line num="37" count="0" type="stmt"/>
      <line num="38" count="0" type="stmt"/>
      <line num="39" count="0" type="stmt"/>
      <line num="42" count="1" type="stmt"/>
      <line num="43" count="0" type="stmt"/>
      <line num="44" count="0" type="stmt"/>
      <line num="45" count="0" type="stmt"/>
      <line num="48" count="1" type="stmt"/>
      <line num="49" count="0" type="stmt"/>
      <line num="50" count="0" type="stmt"/>
      <line num="51" count="0" type="stmt"/>
      <line num="54" count="1" type="stmt"/>
      <line num="55" count="0" type="stmt"/>
      <line num="56" count="0" type="stmt"/>
      <line num="60" count="1" type="stmt"/>
      <line num="61" count="0" type="stmt"/>
      <line num="62" count="0" type="stmt"/>
      <line num="63" count="0" type="stmt"/>
      <line num="64" count="0" type="stmt"/>
    </file>
    <file name="localstorage.js" path="/media/zeph/F8246B73246B33B2/microverse/Module2Pro/To-Do-List/src/module/localstorage.js">
      <metrics statements="2" coveredstatements="2" conditionals="0" coveredconditionals="0" methods="2" coveredmethods="2"/>
      <line num="3" count="2" type="stmt"/>
      <line num="7" count="2" type="stmt"/>
    </file>
    <file name="task.js" path="/media/zeph/F8246B73246B33B2/microverse/Module2Pro/To-Do-List/src/module/task.js">
      <metrics statements="3" coveredstatements="3" conditionals="0" coveredconditionals="0" methods="1" coveredmethods="1"/>
      <line num="3" count="1" type="stmt"/>
      <line num="4" count="1" type="stmt"/>
      <line num="5" count="1" type="stmt"/>
    </file>
  </project>
</coverage>
