{"/home/dell/Videos/Microverse intensive/MODULE TWO/To Do List/To-Do-List/src/module/functionality.js": {"path":"/home/dell/Videos/Microverse intensive/MODULE TWO/To Do List/To-Do-List/src/module/functionality.js","statementMap":{"0":{"start":{"line":6,"column":0},"end":{"line":10,"column":1}},"1":{"start":{"line":7,"column":2},"end":{"line":7,"column":16}},"2":{"start":{"line":9,"column":2},"end":{"line":9,"column":39}},"3":{"start":{"line":13,"column":16},"end":{"line":22,"column":3}},"4":{"start":{"line":14,"column":4},"end":{"line":21,"column":5}},"5":{"start":{"line":15,"column":22},"end":{"line":15,"column":36}},"6":{"start":{"line":16,"column":6},"end":{"line":16,"column":29}},"7":{"start":{"line":17,"column":6},"end":{"line":19,"column":9}},"8":{"start":{"line":18,"column":8},"end":{"line":18,"column":35}},"9":{"start":{"line":20,"column":6},"end":{"line":20,"column":41}},"10":{"start":{"line":24,"column":15},"end":{"line":31,"column":3}},"11":{"start":{"line":25,"column":4},"end":{"line":25,"column":41}},"12":{"start":{"line":26,"column":4},"end":{"line":26,"column":30}},"13":{"start":{"line":27,"column":4},"end":{"line":29,"column":7}},"14":{"start":{"line":28,"column":6},"end":{"line":28,"column":29}},"15":{"start":{"line":30,"column":4},"end":{"line":30,"column":39}},"16":{"start":{"line":33,"column":22},"end":{"line":37,"column":3}},"17":{"start":{"line":34,"column":4},"end":{"line":34,"column":41}},"18":{"start":{"line":35,"column":4},"end":{"line":35,"column":46}},"19":{"start":{"line":36,"column":4},"end":{"line":36,"column":39}},"20":{"start":{"line":39,"column":25},"end":{"line":43,"column":3}},"21":{"start":{"line":40,"column":4},"end":{"line":40,"column":41}},"22":{"start":{"line":41,"column":4},"end":{"line":41,"column":37}},"23":{"start":{"line":42,"column":4},"end":{"line":42,"column":39}},"24":{"start":{"line":45,"column":27},"end":{"line":49,"column":3}},"25":{"start":{"line":46,"column":4},"end":{"line":46,"column":41}},"26":{"start":{"line":47,"column":4},"end":{"line":47,"column":38}},"27":{"start":{"line":48,"column":4},"end":{"line":48,"column":39}},"28":{"start":{"line":51,"column":23},"end":{"line":55,"column":3}},"29":{"start":{"line":52,"column":4},"end":{"line":54,"column":7}},"30":{"start":{"line":53,"column":6},"end":{"line":53,"column":31}},"31":{"start":{"line":57,"column":31},"end":{"line":62,"column":3}},"32":{"start":{"line":58,"column":4},"end":{"line":58,"column":41}},"33":{"start":{"line":59,"column":4},"end":{"line":59,"column":67}},"34":{"start":{"line":59,"column":41},"end":{"line":59,"column":65}},"35":{"start":{"line":60,"column":4},"end":{"line":60,"column":23}},"36":{"start":{"line":61,"column":4},"end":{"line":61,"column":39}}},"fnMap":{"0":{"name":"(anonymous_0)","decl":{"start":{"line":13,"column":16},"end":{"line":13,"column":17}},"loc":{"start":{"line":13,"column":26},"end":{"line":22,"column":3}},"line":13},"1":{"name":"(anonymous_1)","decl":{"start":{"line":17,"column":23},"end":{"line":17,"column":24}},"loc":{"start":{"line":17,"column":44},"end":{"line":19,"column":7}},"line":17},"2":{"name":"(anonymous_2)","decl":{"start":{"line":24,"column":15},"end":{"line":24,"column":16}},"loc":{"start":{"line":24,"column":26},"end":{"line":31,"column":3}},"line":24},"3":{"name":"(anonymous_3)","decl":{"start":{"line":27,"column":21},"end":{"line":27,"column":22}},"loc":{"start":{"line":27,"column":38},"end":{"line":29,"column":5}},"line":27},"4":{"name":"(anonymous_4)","decl":{"start":{"line":33,"column":22},"end":{"line":33,"column":23}},"loc":{"start":{"line":33,"column":46},"end":{"line":37,"column":3}},"line":33},"5":{"name":"(anonymous_5)","decl":{"start":{"line":39,"column":25},"end":{"line":39,"column":26}},"loc":{"start":{"line":39,"column":36},"end":{"line":43,"column":3}},"line":39},"6":{"name":"(anonymous_6)","decl":{"start":{"line":45,"column":27},"end":{"line":45,"column":28}},"loc":{"start":{"line":45,"column":38},"end":{"line":49,"column":3}},"line":45},"7":{"name":"(anonymous_7)","decl":{"start":{"line":51,"column":23},"end":{"line":51,"column":24}},"loc":{"start":{"line":51,"column":29},"end":{"line":55,"column":3}},"line":51},"8":{"name":"(anonymous_8)","decl":{"start":{"line":52,"column":21},"end":{"line":52,"column":22}},"loc":{"start":{"line":52,"column":44},"end":{"line":54,"column":5}},"line":52},"9":{"name":"(anonymous_9)","decl":{"start":{"line":57,"column":31},"end":{"line":57,"column":32}},"loc":{"start":{"line":57,"column":37},"end":{"line":62,"column":3}},"line":57},"10":{"name":"(anonymous_10)","decl":{"start":{"line":59,"column":31},"end":{"line":59,"column":32}},"loc":{"start":{"line":59,"column":41},"end":{"line":59,"column":65}},"line":59}},"branchMap":{"0":{"loc":{"start":{"line":6,"column":0},"end":{"line":10,"column":1}},"type":"if","locations":[{"start":{"line":6,"column":0},"end":{"line":10,"column":1}},{"start":{"line":8,"column":7},"end":{"line":10,"column":1}}],"line":6},"1":{"loc":{"start":{"line":14,"column":4},"end":{"line":21,"column":5}},"type":"if","locations":[{"start":{"line":14,"column":4},"end":{"line":21,"column":5}},{"start":{},"end":{}}],"line":14}},"s":{"0":1,"1":1,"2":0,"3":1,"4":1,"5":1,"6":1,"7":1,"8":1,"9":1,"10":1,"11":1,"12":1,"13":1,"14":0,"15":1,"16":1,"17":0,"18":0,"19":0,"20":1,"21":0,"22":0,"23":0,"24":1,"25":0,"26":0,"27":0,"28":1,"29":0,"30":0,"31":1,"32":0,"33":0,"34":0,"35":0,"36":0},"f":{"0":1,"1":1,"2":1,"3":0,"4":0,"5":0,"6":0,"7":0,"8":0,"9":0,"10":0},"b":{"0":[1,0],"1":[1,0]},"_coverageSchema":"1a1c01bbd47fc00a2c39e90264f33305004495a9","hash":"5482d66b8c3493de8055faf58984bf0919516a5c"}
,"/home/dell/Videos/Microverse intensive/MODULE TWO/To Do List/To-Do-List/src/module/localstorage.js": {"path":"/home/dell/Videos/Microverse intensive/MODULE TWO/To Do List/To-Do-List/src/module/localstorage.js","statementMap":{"0":{"start":{"line":3,"column":4},"end":{"line":3,"column":56}},"1":{"start":{"line":7,"column":4},"end":{"line":7,"column":63}}},"fnMap":{"0":{"name":"(anonymous_0)","decl":{"start":{"line":2,"column":2},"end":{"line":2,"column":3}},"loc":{"start":{"line":2,"column":27},"end":{"line":4,"column":3}},"line":2},"1":{"name":"(anonymous_1)","decl":{"start":{"line":6,"column":2},"end":{"line":6,"column":3}},"loc":{"start":{"line":6,"column":36},"end":{"line":8,"column":3}},"line":6}},"branchMap":{},"s":{"0":2,"1":2},"f":{"0":2,"1":2},"b":{},"_coverageSchema":"1a1c01bbd47fc00a2c39e90264f33305004495a9","hash":"5dd402f149fc5f04adbd78a08723b6793c706e2f"}
,"/home/dell/Videos/Microverse intensive/MODULE TWO/To Do List/To-Do-List/src/module/task.js": {"path":"/home/dell/Videos/Microverse intensive/MODULE TWO/To Do List/To-Do-List/src/module/task.js","statementMap":{"0":{"start":{"line":3,"column":4},"end":{"line":3,"column":35}},"1":{"start":{"line":4,"column":4},"end":{"line":4,"column":27}},"2":{"start":{"line":5,"column":4},"end":{"line":5,"column":20}}},"fnMap":{"0":{"name":"(anonymous_0)","decl":{"start":{"line":2,"column":2},"end":{"line":2,"column":3}},"loc":{"start":{"line":2,"column":27},"end":{"line":6,"column":3}},"line":2}},"branchMap":{},"s":{"0":1,"1":1,"2":1},"f":{"0":1},"b":{},"_coverageSchema":"1a1c01bbd47fc00a2c39e90264f33305004495a9","hash":"fa78ecd89b7e91a07761413f06ca4ed22bc0c2bd"}
}
