{"/media/zeph/F8246B73246B33B2/microverse/Module2Pro/To-Do-List/src/module/functionality.js": {"path":"/media/zeph/F8246B73246B33B2/microverse/Module2Pro/To-Do-List/src/module/functionality.js","statementMap":{"0":{"start":{"line":7,"column":0},"end":{"line":11,"column":1}},"1":{"start":{"line":8,"column":2},"end":{"line":8,"column":16}},"2":{"start":{"line":10,"column":2},"end":{"line":10,"column":39}},"3":{"start":{"line":14,"column":16},"end":{"line":23,"column":3}},"4":{"start":{"line":15,"column":4},"end":{"line":22,"column":5}},"5":{"start":{"line":16,"column":22},"end":{"line":16,"column":36}},"6":{"start":{"line":17,"column":6},"end":{"line":17,"column":29}},"7":{"start":{"line":18,"column":6},"end":{"line":20,"column":9}},"8":{"start":{"line":19,"column":8},"end":{"line":19,"column":35}},"9":{"start":{"line":21,"column":6},"end":{"line":21,"column":41}},"10":{"start":{"line":25,"column":15},"end":{"line":25,"column":29}},"11":{"start":{"line":25,"column":21},"end":{"line":25,"column":29}},"12":{"start":{"line":27,"column":15},"end":{"line":34,"column":3}},"13":{"start":{"line":28,"column":4},"end":{"line":28,"column":41}},"14":{"start":{"line":29,"column":4},"end":{"line":29,"column":30}},"15":{"start":{"line":30,"column":4},"end":{"line":32,"column":7}},"16":{"start":{"line":31,"column":6},"end":{"line":31,"column":29}},"17":{"start":{"line":33,"column":4},"end":{"line":33,"column":39}},"18":{"start":{"line":36,"column":22},"end":{"line":40,"column":3}},"19":{"start":{"line":37,"column":4},"end":{"line":37,"column":41}},"20":{"start":{"line":38,"column":4},"end":{"line":38,"column":46}},"21":{"start":{"line":39,"column":4},"end":{"line":39,"column":39}},"22":{"start":{"line":42,"column":25},"end":{"line":46,"column":3}},"23":{"start":{"line":43,"column":4},"end":{"line":43,"column":41}},"24":{"start":{"line":44,"column":4},"end":{"line":44,"column":37}},"25":{"start":{"line":45,"column":4},"end":{"line":45,"column":39}},"26":{"start":{"line":48,"column":27},"end":{"line":52,"column":3}},"27":{"start":{"line":49,"column":4},"end":{"line":49,"column":41}},"28":{"start":{"line":50,"column":4},"end":{"line":50,"column":38}},"29":{"start":{"line":51,"column":4},"end":{"line":51,"column":39}},"30":{"start":{"line":54,"column":23},"end":{"line":58,"column":3}},"31":{"start":{"line":55,"column":4},"end":{"line":57,"column":7}},"32":{"start":{"line":56,"column":6},"end":{"line":56,"column":31}},"33":{"start":{"line":60,"column":31},"end":{"line":65,"column":3}},"34":{"start":{"line":61,"column":4},"end":{"line":61,"column":41}},"35":{"start":{"line":62,"column":4},"end":{"line":62,"column":67}},"36":{"start":{"line":62,"column":41},"end":{"line":62,"column":65}},"37":{"start":{"line":63,"column":4},"end":{"line":63,"column":23}},"38":{"start":{"line":64,"column":4},"end":{"line":64,"column":39}}},"fnMap":{"0":{"name":"(anonymous_0)","decl":{"start":{"line":14,"column":16},"end":{"line":14,"column":17}},"loc":{"start":{"line":14,"column":26},"end":{"line":23,"column":3}},"line":14},"1":{"name":"(anonymous_1)","decl":{"start":{"line":18,"column":23},"end":{"line":18,"column":24}},"loc":{"start":{"line":18,"column":44},"end":{"line":20,"column":7}},"line":18},"2":{"name":"(anonymous_2)","decl":{"start":{"line":25,"column":15},"end":{"line":25,"column":16}},"loc":{"start":{"line":25,"column":21},"end":{"line":25,"column":29}},"line":25},"3":{"name":"(anonymous_3)","decl":{"start":{"line":27,"column":15},"end":{"line":27,"column":16}},"loc":{"start":{"line":27,"column":26},"end":{"line":34,"column":3}},"line":27},"4":{"name":"(anonymous_4)","decl":{"start":{"line":30,"column":21},"end":{"line":30,"column":22}},"loc":{"start":{"line":30,"column":38},"end":{"line":32,"column":5}},"line":30},"5":{"name":"(anonymous_5)","decl":{"start":{"line":36,"column":22},"end":{"line":36,"column":23}},"loc":{"start":{"line":36,"column":46},"end":{"line":40,"column":3}},"line":36},"6":{"name":"(anonymous_6)","decl":{"start":{"line":42,"column":25},"end":{"line":42,"column":26}},"loc":{"start":{"line":42,"column":36},"end":{"line":46,"column":3}},"line":42},"7":{"name":"(anonymous_7)","decl":{"start":{"line":48,"column":27},"end":{"line":48,"column":28}},"loc":{"start":{"line":48,"column":38},"end":{"line":52,"column":3}},"line":48},"8":{"name":"(anonymous_8)","decl":{"start":{"line":54,"column":23},"end":{"line":54,"column":24}},"loc":{"start":{"line":54,"column":29},"end":{"line":58,"column":3}},"line":54},"9":{"name":"(anonymous_9)","decl":{"start":{"line":55,"column":21},"end":{"line":55,"column":22}},"loc":{"start":{"line":55,"column":44},"end":{"line":57,"column":5}},"line":55},"10":{"name":"(anonymous_10)","decl":{"start":{"line":60,"column":31},"end":{"line":60,"column":32}},"loc":{"start":{"line":60,"column":37},"end":{"line":65,"column":3}},"line":60},"11":{"name":"(anonymous_11)","decl":{"start":{"line":62,"column":31},"end":{"line":62,"column":32}},"loc":{"start":{"line":62,"column":41},"end":{"line":62,"column":65}},"line":62}},"branchMap":{"0":{"loc":{"start":{"line":7,"column":0},"end":{"line":11,"column":1}},"type":"if","locations":[{"start":{"line":7,"column":0},"end":{"line":11,"column":1}},{"start":{"line":9,"column":7},"end":{"line":11,"column":1}}],"line":7},"1":{"loc":{"start":{"line":15,"column":4},"end":{"line":22,"column":5}},"type":"if","locations":[{"start":{"line":15,"column":4},"end":{"line":22,"column":5}},{"start":{},"end":{}}],"line":15}},"s":{"0":1,"1":1,"2":0,"3":1,"4":1,"5":1,"6":1,"7":1,"8":1,"9":1,"10":1,"11":2,"12":1,"13":1,"14":1,"15":1,"16":0,"17":1,"18":1,"19":0,"20":0,"21":0,"22":1,"23":0,"24":0,"25":0,"26":1,"27":0,"28":0,"29":0,"30":1,"31":0,"32":0,"33":1,"34":0,"35":0,"36":0,"37":0,"38":0},"f":{"0":1,"1":1,"2":2,"3":1,"4":0,"5":0,"6":0,"7":0,"8":0,"9":0,"10":0,"11":0},"b":{"0":[1,0],"1":[1,0]},"_coverageSchema":"1a1c01bbd47fc00a2c39e90264f33305004495a9","hash":"6801fb69749e795221d8b1e78b846844c98ea2c5"}
,"/media/zeph/F8246B73246B33B2/microverse/Module2Pro/To-Do-List/src/module/localstorage.js": {"path":"/media/zeph/F8246B73246B33B2/microverse/Module2Pro/To-Do-List/src/module/localstorage.js","statementMap":{"0":{"start":{"line":3,"column":4},"end":{"line":3,"column":56}},"1":{"start":{"line":7,"column":4},"end":{"line":7,"column":63}}},"fnMap":{"0":{"name":"(anonymous_0)","decl":{"start":{"line":2,"column":2},"end":{"line":2,"column":3}},"loc":{"start":{"line":2,"column":27},"end":{"line":4,"column":3}},"line":2},"1":{"name":"(anonymous_1)","decl":{"start":{"line":6,"column":2},"end":{"line":6,"column":3}},"loc":{"start":{"line":6,"column":36},"end":{"line":8,"column":3}},"line":6}},"branchMap":{},"s":{"0":2,"1":2},"f":{"0":2,"1":2},"b":{},"_coverageSchema":"1a1c01bbd47fc00a2c39e90264f33305004495a9","hash":"84a494b0d169d1eb20b2743661030d84bb969d9e"}
,"/media/zeph/F8246B73246B33B2/microverse/Module2Pro/To-Do-List/src/module/task.js": {"path":"/media/zeph/F8246B73246B33B2/microverse/Module2Pro/To-Do-List/src/module/task.js","statementMap":{"0":{"start":{"line":3,"column":4},"end":{"line":3,"column":35}},"1":{"start":{"line":4,"column":4},"end":{"line":4,"column":27}},"2":{"start":{"line":5,"column":4},"end":{"line":5,"column":20}}},"fnMap":{"0":{"name":"(anonymous_0)","decl":{"start":{"line":2,"column":2},"end":{"line":2,"column":3}},"loc":{"start":{"line":2,"column":27},"end":{"line":6,"column":3}},"line":2}},"branchMap":{},"s":{"0":1,"1":1,"2":1},"f":{"0":1},"b":{},"_coverageSchema":"1a1c01bbd47fc00a2c39e90264f33305004495a9","hash":"6d0c512a8ce7994a14413400bc805349d6dc0508"}
}
